<?xml version="1.0" encoding="UTF-8"?>
<!-- Generated by org.testng.reporters.JUnitReportReporter -->
<testsuite skipped="0" hostname="HP" name="com.pageobjectmodel.ddf.testcases.changePassword" tests="1" failures="0" timestamp="02 Oct 2017 10:58:13 GMT" time="26.675" errors="0">
  <testcase name="changePswd" time="26.675" classname="com.pageobjectmodel.ddf.testcases.changePassword"/>
</testsuite> <!-- com.pageobjectmodel.ddf.testcases.changePassword -->
