<?xml version="1.0" encoding="UTF-8"?>
<!-- Generated by org.testng.reporters.JUnitReportReporter -->
<testsuite skipped="1" hostname="HP" name="com.pageobjectmodel.ddf.testcases.FriendListTest" tests="1" failures="0" timestamp="16 Oct 2017 07:17:42 GMT" time="0.117" errors="0">
  <testcase name="friendList" time="0.117" classname="com.pageobjectmodel.ddf.testcases.FriendListTest">
    <skipped/>
  </testcase> <!-- friendList -->
</testsuite> <!-- com.pageobjectmodel.ddf.testcases.FriendListTest -->
