<?xml version="1.0" encoding="UTF-8"?>
<!-- Generated by org.testng.reporters.JUnitReportReporter -->
<testsuite skipped="0" hostname="HP" name="com.pageobjectmodel.ddf.testcases.LoginTest" tests="1" failures="0" timestamp="17 Oct 2017 11:22:23 GMT" time="30.881" errors="0">
  <testcase name="doLogin" time="30.881" classname="com.pageobjectmodel.ddf.testcases.LoginTest"/>
</testsuite> <!-- com.pageobjectmodel.ddf.testcases.LoginTest -->
