<?xml version="1.0" encoding="UTF-8"?>
<!-- Generated by org.testng.reporters.JUnitReportReporter -->
<testsuite skipped="0" hostname="HP" name="com.pageobjectmodel.ddf.testcases.ProfileTest" tests="1" failures="0" timestamp="16 Oct 2017 07:17:42 GMT" time="30.941" errors="0">
  <testcase name="verifyProfile" time="30.941" classname="com.pageobjectmodel.ddf.testcases.ProfileTest"/>
</testsuite> <!-- com.pageobjectmodel.ddf.testcases.ProfileTest -->
