<?xml version="1.0" encoding="UTF-8"?>
<!-- Generated by org.testng.reporters.JUnitReportReporter -->
<testsuite skipped="0" hostname="HP" name="com.pageobjectmodel.ddf.testcases.InvalidLoginTest" tests="1" failures="0" timestamp="12 Oct 2017 17:36:15 GMT" time="40.866" errors="0">
  <testcase name="invalidLogin" time="40.866" classname="com.pageobjectmodel.ddf.testcases.InvalidLoginTest"/>
</testsuite> <!-- com.pageobjectmodel.ddf.testcases.InvalidLoginTest -->
