<?xml version="1.0" encoding="UTF-8"?>
<!-- Generated by org.testng.reporters.JUnitReportReporter -->
<testsuite skipped="0" hostname="HP" name="com.pageobjectmodel.ddf.testcases.ValidLoginTest" tests="2" failures="0" timestamp="14 Oct 2017 11:09:50 GMT" time="63.492" errors="0">
  <testcase name="validLogin" time="41.427" classname="com.pageobjectmodel.ddf.testcases.ValidLoginTest"/>
  <testcase name="validLogin" time="22.065" classname="com.pageobjectmodel.ddf.testcases.ValidLoginTest"/>
</testsuite> <!-- com.pageobjectmodel.ddf.testcases.ValidLoginTest -->
