<?xml version="1.0" encoding="UTF-8"?>
<!-- Generated by org.testng.reporters.JUnitReportReporter -->
<testsuite skipped="1" hostname="HP" name="com.pageobjectmodel.ddf.testcases.ProfileTest" tests="1" failures="0" timestamp="16 Oct 2017 09:36:22 GMT" time="0.129" errors="0">
  <testcase name="verifyProfile" time="0.129" classname="com.pageobjectmodel.ddf.testcases.ProfileTest">
    <skipped/>
  </testcase> <!-- verifyProfile -->
</testsuite> <!-- com.pageobjectmodel.ddf.testcases.ProfileTest -->
