<?xml version="1.0" encoding="UTF-8"?>
<!-- Generated by org.testng.reporters.JUnitReportReporter -->
<testsuite skipped="0" hostname="HP" name="com.pageobjectmodel.ddf.testcases.LoginTest" tests="1" failures="0" timestamp="16 Oct 2017 09:36:22 GMT" time="40.503" errors="0">
  <testcase name="doLogin" time="40.503" classname="com.pageobjectmodel.ddf.testcases.LoginTest"/>
</testsuite> <!-- com.pageobjectmodel.ddf.testcases.LoginTest -->
