<?xml version="1.0" encoding="UTF-8"?>
<!-- Generated by org.testng.reporters.JUnitReportReporter -->
<testsuite skipped="1" hostname="HP" name="com.pageobjectmodel.ddf.testcases.ChangePasswordTest" tests="1" failures="0" timestamp="16 Oct 2017 09:36:22 GMT" time="0.173" errors="0">
  <testcase name="changePswd" time="0.173" classname="com.pageobjectmodel.ddf.testcases.ChangePasswordTest">
    <skipped/>
  </testcase> <!-- changePswd -->
</testsuite> <!-- com.pageobjectmodel.ddf.testcases.ChangePasswordTest -->
